This is XeTeX, Version 3.14159265-2.6-0.999992 (TeX Live 2020) (preloaded format=xelatex 2020.4.7)  5 APR 2021 09:32
entering extended mode
 restricted \write18 enabled.
 %&-line parsing enabled.
**quantitative_genetics_GEM.tex
(./quantitative_genetics_GEM.tex
LaTeX2e <2020-02-02> patch level 5
L3 programming layer <2020-03-06> (/usr/local/texlive/2020/texmf-dist/tex/latex
/base/book.cls
Document Class: book 2019/12/20 v1.4l Standard LaTeX document class
(/usr/local/texlive/2020/texmf-dist/tex/latex/base/bk10.clo
File: bk10.clo 2019/12/20 v1.4l Standard LaTeX file (size option)
)
\c@part=\count163
\c@chapter=\count164
\c@section=\count165
\c@subsection=\count166
\c@subsubsection=\count167
\c@paragraph=\count168
\c@subparagraph=\count169
\c@figure=\count170
\c@table=\count171
\abovecaptionskip=\skip47
\belowcaptionskip=\skip48
\bibindent=\dimen134
) (/usr/local/texlive/2020/texmf-dist/tex/latex/amsmath/amsmath.sty
Package: amsmath 2020/01/20 v2.17e AMS math features
\@mathmargin=\skip49
For additional information on amsmath, use the `?' option.
(/usr/local/texlive/2020/texmf-dist/tex/latex/amsmath/amstext.sty
Package: amstext 2000/06/29 v2.01 AMS text
(/usr/local/texlive/2020/texmf-dist/tex/latex/amsmath/amsgen.sty
File: amsgen.sty 1999/11/30 v2.0 generic functions
\@emptytoks=\toks15
\ex@=\dimen135
)) (/usr/local/texlive/2020/texmf-dist/tex/latex/amsmath/amsbsy.sty
Package: amsbsy 1999/11/29 v1.2d Bold Symbols
\pmbraise@=\dimen136
) (/usr/local/texlive/2020/texmf-dist/tex/latex/amsmath/amsopn.sty
Package: amsopn 2016/03/08 v2.02 operator names
)
\inf@bad=\count172
LaTeX Info: Redefining \frac on input line 227.
\uproot@=\count173
\leftroot@=\count174
LaTeX Info: Redefining \overline on input line 389.
\classnum@=\count175
\DOTSCASE@=\count176
LaTeX Info: Redefining \ldots on input line 486.
LaTeX Info: Redefining \dots on input line 489.
LaTeX Info: Redefining \cdots on input line 610.
\Mathstrutbox@=\box45
\strutbox@=\box46
\big@size=\dimen137
LaTeX Font Info:    Redeclaring font encoding OML on input line 733.
LaTeX Font Info:    Redeclaring font encoding OMS on input line 734.
\macc@depth=\count177
\c@MaxMatrixCols=\count178
\dotsspace@=\muskip16
\c@parentequation=\count179
\dspbrk@lvl=\count180
\tag@help=\toks16
\row@=\count181
\column@=\count182
\maxfields@=\count183
\andhelp@=\toks17
\eqnshift@=\dimen138
\alignsep@=\dimen139
\tagshift@=\dimen140
\tagwidth@=\dimen141
\totwidth@=\dimen142
\lineht@=\dimen143
\@envbody=\toks18
\multlinegap=\skip50
\multlinetaggap=\skip51
\mathdisplay@stack=\toks19
LaTeX Info: Redefining \[ on input line 2859.
LaTeX Info: Redefining \] on input line 2860.
) (/usr/local/texlive/2020/texmf-dist/tex/latex/amsfonts/amssymb.sty
Package: amssymb 2013/01/14 v3.01 AMS font symbols
(/usr/local/texlive/2020/texmf-dist/tex/latex/amsfonts/amsfonts.sty
Package: amsfonts 2013/01/14 v3.01 Basic AMSFonts support
\symAMSa=\mathgroup4
\symAMSb=\mathgroup5
LaTeX Font Info:    Redeclaring math symbol \hbar on input line 98.
LaTeX Font Info:    Overwriting math alphabet `\mathfrak' in version `bold'
(Font)                  U/euf/m/n --> U/euf/b/n on input line 106.
)) (/usr/local/texlive/2020/texmf-dist/tex/latex/lm/lmodern.sty
Package: lmodern 2009/10/30 v1.6 Latin Modern Fonts
LaTeX Font Info:    Overwriting symbol font `operators' in version `normal'
(Font)                  OT1/cmr/m/n --> OT1/lmr/m/n on input line 22.
LaTeX Font Info:    Overwriting symbol font `letters' in version `normal'
(Font)                  OML/cmm/m/it --> OML/lmm/m/it on input line 23.
LaTeX Font Info:    Overwriting symbol font `symbols' in version `normal'
(Font)                  OMS/cmsy/m/n --> OMS/lmsy/m/n on input line 24.
LaTeX Font Info:    Overwriting symbol font `largesymbols' in version `normal'
(Font)                  OMX/cmex/m/n --> OMX/lmex/m/n on input line 25.
LaTeX Font Info:    Overwriting symbol font `operators' in version `bold'
(Font)                  OT1/cmr/bx/n --> OT1/lmr/bx/n on input line 26.
LaTeX Font Info:    Overwriting symbol font `letters' in version `bold'
(Font)                  OML/cmm/b/it --> OML/lmm/b/it on input line 27.
LaTeX Font Info:    Overwriting symbol font `symbols' in version `bold'
(Font)                  OMS/cmsy/b/n --> OMS/lmsy/b/n on input line 28.
LaTeX Font Info:    Overwriting symbol font `largesymbols' in version `bold'
(Font)                  OMX/cmex/m/n --> OMX/lmex/m/n on input line 29.
LaTeX Font Info:    Overwriting math alphabet `\mathbf' in version `normal'
(Font)                  OT1/cmr/bx/n --> OT1/lmr/bx/n on input line 31.
LaTeX Font Info:    Overwriting math alphabet `\mathsf' in version `normal'
(Font)                  OT1/cmss/m/n --> OT1/lmss/m/n on input line 32.
LaTeX Font Info:    Overwriting math alphabet `\mathit' in version `normal'
(Font)                  OT1/cmr/m/it --> OT1/lmr/m/it on input line 33.
LaTeX Font Info:    Overwriting math alphabet `\mathtt' in version `normal'
(Font)                  OT1/cmtt/m/n --> OT1/lmtt/m/n on input line 34.
LaTeX Font Info:    Overwriting math alphabet `\mathbf' in version `bold'
(Font)                  OT1/cmr/bx/n --> OT1/lmr/bx/n on input line 35.
LaTeX Font Info:    Overwriting math alphabet `\mathsf' in version `bold'
(Font)                  OT1/cmss/bx/n --> OT1/lmss/bx/n on input line 36.
LaTeX Font Info:    Overwriting math alphabet `\mathit' in version `bold'
(Font)                  OT1/cmr/bx/it --> OT1/lmr/bx/it on input line 37.
LaTeX Font Info:    Overwriting math alphabet `\mathtt' in version `bold'
(Font)                  OT1/cmtt/m/n --> OT1/lmtt/m/n on input line 38.
) (/usr/local/texlive/2020/texmf-dist/tex/generic/iftex/ifxetex.sty
Package: ifxetex 2019/10/25 v0.7 ifxetex legacy package. Use iftex instead.
(/usr/local/texlive/2020/texmf-dist/tex/generic/iftex/iftex.sty
Package: iftex 2020/03/06 v1.0d TeX engine tests
)) (/usr/local/texlive/2020/texmf-dist/tex/generic/iftex/ifluatex.sty
Package: ifluatex 2019/10/25 v1.5 ifluatex legacy package. Use iftex instead.
) (/usr/local/texlive/2020/texmf-dist/tex/latex/unicode-math/unicode-math.sty (
/usr/local/texlive/2020/texmf-dist/tex/latex/l3kernel/expl3.sty
Package: expl3 2020-03-06 L3 programming layer (loader) 

(/usr/local/texlive/2020/texmf-dist/tex/latex/l3backend/l3backend-xdvipdfmx.def
File: l3backend-xdvipdfmx.def 2020-03-12 L3 backend support: xdvipdfmx
\g__graphics_track_int=\count184
\l__pdf_internal_box=\box47
\g__pdf_backend_object_int=\count185
\g__pdf_backend_annotation_int=\count186
))
Package: unicode-math 2020/01/31 v0.8q Unicode maths in XeLaTeX and LuaLaTeX

(/usr/local/texlive/2020/texmf-dist/tex/latex/unicode-math/unicode-math-xetex.s
ty
Package: unicode-math-xetex 2020/01/31 v0.8q Unicode maths in XeLaTeX and LuaLa
TeX
(/usr/local/texlive/2020/texmf-dist/tex/latex/l3packages/xparse/xparse.sty
Package: xparse 2020-03-06 L3 Experimental document command parser
\l__xparse_current_arg_int=\count187
\g__xparse_grabber_int=\count188
\l__xparse_m_args_int=\count189
\l__xparse_v_nesting_int=\count190
) (/usr/local/texlive/2020/texmf-dist/tex/latex/l3packages/l3keys2e/l3keys2e.st
y
Package: l3keys2e 2020-03-06 LaTeX2e option processing using LaTeX3 keys
) (/usr/local/texlive/2020/texmf-dist/tex/latex/fontspec/fontspec.sty
Package: fontspec 2020/02/21 v2.7i Font selection for XeLaTeX and LuaLaTeX
(/usr/local/texlive/2020/texmf-dist/tex/latex/fontspec/fontspec-xetex.sty
Package: fontspec-xetex 2020/02/21 v2.7i Font selection for XeLaTeX and LuaLaTe
X
\l__fontspec_script_int=\count191
\l__fontspec_language_int=\count192
\l__fontspec_strnum_int=\count193
\l__fontspec_tmp_int=\count194
\l__fontspec_tmpa_int=\count195
\l__fontspec_tmpb_int=\count196
\l__fontspec_tmpc_int=\count197
\l__fontspec_em_int=\count198
\l__fontspec_emdef_int=\count199
\l__fontspec_strong_int=\count266
\l__fontspec_strongdef_int=\count267
\l__fontspec_tmpa_dim=\dimen144
\l__fontspec_tmpb_dim=\dimen145
\l__fontspec_tmpc_dim=\dimen146
(/usr/local/texlive/2020/texmf-dist/tex/latex/base/fontenc.sty
Package: fontenc 2020/02/11 v2.0o Standard LaTeX package
) (/usr/local/texlive/2020/texmf-dist/tex/latex/fontspec/fontspec.cfg))) (/usr/
local/texlive/2020/texmf-dist/tex/latex/base/fix-cm.sty
Package: fix-cm 2015/01/14 v1.1t fixes to LaTeX
(/usr/local/texlive/2020/texmf-dist/tex/latex/base/ts1enc.def
File: ts1enc.def 2001/06/05 v3.0e (jk/car/fm) Standard LaTeX file
LaTeX Font Info:    Redeclaring font encoding TS1 on input line 47.
))
\g__um_fam_int=\count268
\g__um_fonts_used_int=\count269
\l__um_primecount_int=\count270
\g__um_primekern_muskip=\muskip17

(/usr/local/texlive/2020/texmf-dist/tex/latex/unicode-math/unicode-math-table.t
ex))) (/usr/local/texlive/2020/texmf-dist/tex/latex/upquote/upquote.sty
Package: upquote 2012/04/19 v1.3 upright-quote and grave-accent glyphs in verba
tim
(/usr/local/texlive/2020/texmf-dist/tex/latex/base/textcomp.sty
Package: textcomp 2020/02/02 v2.0n Standard LaTeX package
)) (/usr/local/texlive/2020/texmf-dist/tex/latex/microtype/microtype.sty
Package: microtype 2019/11/18 v2.7d Micro-typographical refinements (RS)
(/usr/local/texlive/2020/texmf-dist/tex/latex/graphics/keyval.sty
Package: keyval 2014/10/28 v1.15 key=value parser (DPC)
\KV@toks@=\toks20
)
\MT@toks=\toks21
\MT@count=\count271
LaTeX Info: Redefining \textls on input line 790.
\MT@outer@kern=\dimen147
LaTeX Info: Redefining \textmicrotypecontext on input line 1354.
\MT@listname@count=\count272
(/usr/local/texlive/2020/texmf-dist/tex/latex/microtype/microtype-xetex.def
File: microtype-xetex.def 2019/11/18 v2.7d Definitions specific to xetex (RS)
LaTeX Info: Redefining \lsstyle on input line 258.
)
Package microtype Info: Loading configuration file microtype.cfg.
(/usr/local/texlive/2020/texmf-dist/tex/latex/microtype/microtype.cfg
File: microtype.cfg 2019/11/18 v2.7d microtype main configuration file (RS)
)) (/usr/local/texlive/2020/texmf-dist/tex/latex/parskip/parskip.sty
Package: parskip 2020-01-22 v2.0d non-zero parskip adjustments
(/usr/local/texlive/2020/texmf-dist/tex/latex/kvoptions/kvoptions.sty
Package: kvoptions 2019/11/29 v3.13 Key value format for package options (HO)
(/usr/local/texlive/2020/texmf-dist/tex/generic/ltxcmds/ltxcmds.sty
Package: ltxcmds 2019/12/15 v1.24 LaTeX kernel commands for general use (HO)
) (/usr/local/texlive/2020/texmf-dist/tex/generic/kvsetkeys/kvsetkeys.sty
Package: kvsetkeys 2019/12/15 v1.18 Key value parser (HO)
)) (/usr/local/texlive/2020/texmf-dist/tex/latex/etoolbox/etoolbox.sty
Package: etoolbox 2019/09/21 v2.5h e-TeX tools for LaTeX (JAW)
\etb@tempcnta=\count273
)) (/usr/local/texlive/2020/texmf-dist/tex/latex/xcolor/xcolor.sty
Package: xcolor 2016/05/11 v2.12 LaTeX color extensions (UK)
(/usr/local/texlive/2020/texmf-dist/tex/latex/graphics-cfg/color.cfg
File: color.cfg 2016/01/02 v1.6 sample color configuration
)
Package xcolor Info: Driver file: xetex.def on input line 225.
(/usr/local/texlive/2020/texmf-dist/tex/latex/graphics-def/xetex.def
File: xetex.def 2017/06/24 v5.0h Graphics/color driver for xetex
)
Package xcolor Info: Model `cmy' substituted by `cmy0' on input line 1348.
Package xcolor Info: Model `RGB' extended on input line 1364.
Package xcolor Info: Model `HTML' substituted by `rgb' on input line 1366.
Package xcolor Info: Model `Hsb' substituted by `hsb' on input line 1367.
Package xcolor Info: Model `tHsb' substituted by `hsb' on input line 1368.
Package xcolor Info: Model `HSB' substituted by `hsb' on input line 1369.
Package xcolor Info: Model `Gray' substituted by `gray' on input line 1370.
Package xcolor Info: Model `wave' substituted by `hsb' on input line 1371.
) (/usr/local/texlive/2020/texmf-dist/tex/latex/xurl/xurl.sty
Package: xurl 2020/01/24 v 0.09 modify URL breaks
(/usr/local/texlive/2020/texmf-dist/tex/latex/url/url.sty
\Urlmuskip=\muskip18
Package: url 2013/09/16  ver 3.4  Verb mode for urls, etc.
)) (/usr/local/texlive/2020/texmf-dist/tex/latex/bookmark/bookmark.sty
Package: bookmark 2019/12/03 v1.28 PDF bookmarks (HO)
(/usr/local/texlive/2020/texmf-dist/tex/latex/hyperref/hyperref.sty
Package: hyperref 2020/01/14 v7.00d Hypertext links for LaTeX
(/usr/local/texlive/2020/texmf-dist/tex/latex/pdftexcmds/pdftexcmds.sty
Package: pdftexcmds 2019/11/24 v0.31 Utility functions of pdfTeX for LuaTeX (HO
)
(/usr/local/texlive/2020/texmf-dist/tex/generic/infwarerr/infwarerr.sty
Package: infwarerr 2019/12/03 v1.5 Providing info/warning/error messages (HO)
)
Package pdftexcmds Info: \pdf@primitive is available.
Package pdftexcmds Info: \pdf@ifprimitive is available.
Package pdftexcmds Info: \pdfdraftmode not found.
) (/usr/local/texlive/2020/texmf-dist/tex/generic/kvdefinekeys/kvdefinekeys.sty
Package: kvdefinekeys 2019-12-19 v1.6 Define keys (HO)
) (/usr/local/texlive/2020/texmf-dist/tex/generic/pdfescape/pdfescape.sty
Package: pdfescape 2019/12/09 v1.15 Implements pdfTeX's escape features (HO)
) (/usr/local/texlive/2020/texmf-dist/tex/latex/hycolor/hycolor.sty
Package: hycolor 2020-01-27 v1.10 Color options for hyperref/bookmark (HO)
) (/usr/local/texlive/2020/texmf-dist/tex/latex/letltxmacro/letltxmacro.sty
Package: letltxmacro 2019/12/03 v1.6 Let assignment for LaTeX macros (HO)
) (/usr/local/texlive/2020/texmf-dist/tex/latex/auxhook/auxhook.sty
Package: auxhook 2019-12-17 v1.6 Hooks for auxiliary files (HO)
)
\@linkdim=\dimen148
\Hy@linkcounter=\count274
\Hy@pagecounter=\count275
(/usr/local/texlive/2020/texmf-dist/tex/latex/hyperref/pd1enc.def
File: pd1enc.def 2020/01/14 v7.00d Hyperref: PDFDocEncoding definition (HO)
) (/usr/local/texlive/2020/texmf-dist/tex/generic/intcalc/intcalc.sty
Package: intcalc 2019/12/15 v1.3 Expandable calculations with integers (HO)
) (/usr/local/texlive/2020/texmf-dist/tex/generic/etexcmds/etexcmds.sty
Package: etexcmds 2019/12/15 v1.7 Avoid name clashes with e-TeX commands (HO)
)
\Hy@SavedSpaceFactor=\count276
Package hyperref Info: Option `unicode' set `true' on input line 4421.
(/usr/local/texlive/2020/texmf-dist/tex/latex/hyperref/puenc.def
File: puenc.def 2020/01/14 v7.00d Hyperref: PDF Unicode definition (HO)
)
Package hyperref Info: Hyper figures OFF on input line 4547.
Package hyperref Info: Link nesting OFF on input line 4552.
Package hyperref Info: Hyper index ON on input line 4555.
Package hyperref Info: Plain pages OFF on input line 4562.
Package hyperref Info: Backreferencing OFF on input line 4567.
Package hyperref Info: Implicit mode ON; LaTeX internals redefined.
Package hyperref Info: Bookmarks ON on input line 4800.
\c@Hy@tempcnt=\count277
LaTeX Info: Redefining \url on input line 5159.
\XeTeXLinkMargin=\dimen149
(/usr/local/texlive/2020/texmf-dist/tex/generic/bitset/bitset.sty
Package: bitset 2019/12/09 v1.3 Handle bit-vector datatype (HO)
(/usr/local/texlive/2020/texmf-dist/tex/generic/bigintcalc/bigintcalc.sty
Package: bigintcalc 2019/12/15 v1.5 Expandable calculations on big integers (HO
)
))
\Fld@menulength=\count278
\Field@Width=\dimen150
\Fld@charsize=\dimen151
Package hyperref Info: Hyper figures OFF on input line 6430.
Package hyperref Info: Link nesting OFF on input line 6435.
Package hyperref Info: Hyper index ON on input line 6438.
Package hyperref Info: backreferencing OFF on input line 6445.
Package hyperref Info: Link coloring OFF on input line 6450.
Package hyperref Info: Link coloring with OCG OFF on input line 6455.
Package hyperref Info: PDF/A mode OFF on input line 6460.
LaTeX Info: Redefining \ref on input line 6500.
LaTeX Info: Redefining \pageref on input line 6504.
(/usr/local/texlive/2020/texmf-dist/tex/generic/atbegshi/atbegshi.sty
Package: atbegshi 2019/12/05 v1.19 At begin shipout hook (HO)
)
\Hy@abspage=\count279
\c@Item=\count280
\c@Hfootnote=\count281
)
Package hyperref Info: Driver (autodetected): hxetex.
(/usr/local/texlive/2020/texmf-dist/tex/latex/hyperref/hxetex.def
File: hxetex.def 2020/01/14 v7.00d Hyperref driver for XeTeX
(/usr/local/texlive/2020/texmf-dist/tex/generic/stringenc/stringenc.sty
Package: stringenc 2019/11/29 v1.12 Convert strings between diff. encodings (HO
)
)
\pdfm@box=\box48
\c@Hy@AnnotLevel=\count282
\HyField@AnnotCount=\count283
\Fld@listcount=\count284
\c@bookmark@seq@number=\count285

(/usr/local/texlive/2020/texmf-dist/tex/latex/rerunfilecheck/rerunfilecheck.sty
Package: rerunfilecheck 2019/12/05 v1.9 Rerun checks for auxiliary files (HO)
(/usr/local/texlive/2020/texmf-dist/tex/latex/atveryend/atveryend.sty
Package: atveryend 2019-12-11 v1.11 Hooks at the very end of document (HO)
)
(/usr/local/texlive/2020/texmf-dist/tex/generic/uniquecounter/uniquecounter.sty
Package: uniquecounter 2019/12/15 v1.4 Provide unlimited unique counter (HO)
)
Package uniquecounter Info: New unique counter `rerunfilecheck' on input line 2
86.
)
\Hy@SectionHShift=\skip52
) (/usr/local/texlive/2020/texmf-dist/tex/latex/bookmark/bkm-dvipdfm.def
File: bkm-dvipdfm.def 2019/12/03 v1.28 bookmark driver for dvipdfm (HO)
\BKM@id=\count286
)) (/usr/local/texlive/2020/texmf-dist/tex/latex/fancyvrb/fancyvrb.sty
Package: fancyvrb 2020/01/13 v3.5 verbatim text (tvz,hv)
\FV@CodeLineNo=\count287
\FV@InFile=\read2
\FV@TabBox=\box49
\c@FancyVerbLine=\count288
\FV@StepNumber=\count289
\FV@OutFile=\write3
) (/usr/local/texlive/2020/texmf-dist/tex/latex/framed/framed.sty
Package: framed 2011/10/22 v 0.96: framed or shaded text with page breaks
\OuterFrameSep=\skip53
\fb@frw=\dimen152
\fb@frh=\dimen153
\FrameRule=\dimen154
\FrameSep=\dimen155
) (/usr/local/texlive/2020/texmf-dist/tex/latex/tools/longtable.sty
Package: longtable 2020/01/07 v4.13 Multi-page Table package (DPC)
\LTleft=\skip54
\LTright=\skip55
\LTpre=\skip56
\LTpost=\skip57
\LTchunksize=\count290
\LTcapwidth=\dimen156
\LT@head=\box50
\LT@firsthead=\box51
\LT@foot=\box52
\LT@lastfoot=\box53
\LT@cols=\count291
\LT@rows=\count292
\c@LT@tables=\count293
\c@LT@chunks=\count294
\LT@p@ftn=\toks22
) (/usr/local/texlive/2020/texmf-dist/tex/latex/booktabs/booktabs.sty
Package: booktabs 2020/01/12 v1.61803398 Publication quality tables
\heavyrulewidth=\dimen157
\lightrulewidth=\dimen158
\cmidrulewidth=\dimen159
\belowrulesep=\dimen160
\belowbottomsep=\dimen161
\aboverulesep=\dimen162
\abovetopsep=\dimen163
\cmidrulesep=\dimen164
\cmidrulekern=\dimen165
\defaultaddspace=\dimen166
\@cmidla=\count295
\@cmidlb=\count296
\@aboverulesep=\dimen167
\@belowrulesep=\dimen168
\@thisruleclass=\count297
\@lastruleclass=\count298
\@thisrulewidth=\dimen169
) (/usr/local/texlive/2020/texmf-dist/tex/latex/tools/array.sty
Package: array 2019/08/31 v2.4l Tabular extension package (FMi)
\col@sep=\dimen170
\ar@mcellbox=\box54
\extrarowheight=\dimen171
\NC@list=\toks23
\extratabsurround=\skip58
\backup@length=\skip59
\ar@cellbox=\box55
) (/usr/local/texlive/2020/texmf-dist/tex/latex/tools/calc.sty
Package: calc 2017/05/25 v4.3 Infix arithmetic (KKT,FJ)
\calc@Acount=\count299
\calc@Bcount=\count300
\calc@Adimen=\dimen172
\calc@Bdimen=\dimen173
\calc@Askip=\skip60
\calc@Bskip=\skip61
LaTeX Info: Redefining \setlength on input line 80.
LaTeX Info: Redefining \addtolength on input line 81.
\calc@Ccount=\count301
\calc@Cskip=\skip62
) (/usr/local/texlive/2020/texmf-dist/tex/latex/footnotehyper/footnotehyper.sty
Package: footnotehyper 2019/11/07 v1.1a hyperref aware footnote.sty (JFB)
\FNH@notes=\box56
\FNH@width=\dimen174
) (/usr/local/texlive/2020/texmf-dist/tex/latex/graphics/graphicx.sty
Package: graphicx 2019/11/30 v1.2a Enhanced LaTeX Graphics (DPC,SPQR)
(/usr/local/texlive/2020/texmf-dist/tex/latex/graphics/graphics.sty
Package: graphics 2019/11/30 v1.4a Standard LaTeX Graphics (DPC,SPQR)
(/usr/local/texlive/2020/texmf-dist/tex/latex/graphics/trig.sty
Package: trig 2016/01/03 v1.10 sin cos tan (DPC)
) (/usr/local/texlive/2020/texmf-dist/tex/latex/graphics-cfg/graphics.cfg
File: graphics.cfg 2016/06/04 v1.11 sample graphics configuration
)
Package graphics Info: Driver file: xetex.def on input line 105.
)
\Gin@req@height=\dimen175
\Gin@req@width=\dimen176
) (/usr/local/texlive/2020/texmf-dist/tex/latex/amscls/amsthm.sty
Package: amsthm 2017/10/31 v2.20.4
\thm@style=\toks24
\thm@bodyfont=\toks25
\thm@headfont=\toks26
\thm@notefont=\toks27
\thm@headpunct=\toks28
\thm@preskip=\skip63
\thm@postskip=\skip64
\thm@headsep=\skip65
\dth@everypar=\toks29
) (/usr/local/texlive/2020/texmf-dist/tex/latex/natbib/natbib.sty
Package: natbib 2010/09/13 8.31b (PWD, AO)
\bibhang=\skip66
\bibsep=\skip67
LaTeX Info: Redefining \cite on input line 694.
\c@NAT@ctr=\count302
) (./quantitative_genetics_GEM.aux)
\openout1 = `quantitative_genetics_GEM.aux'.

LaTeX Font Info:    Checking defaults for OML/cmm/m/it on input line 129.
LaTeX Font Info:    ... okay on input line 129.
LaTeX Font Info:    Checking defaults for OMS/cmsy/m/n on input line 129.
LaTeX Font Info:    ... okay on input line 129.
LaTeX Font Info:    Checking defaults for OT1/cmr/m/n on input line 129.
LaTeX Font Info:    ... okay on input line 129.
LaTeX Font Info:    Checking defaults for T1/cmr/m/n on input line 129.
LaTeX Font Info:    ... okay on input line 129.
LaTeX Font Info:    Checking defaults for TS1/cmr/m/n on input line 129.
LaTeX Font Info:    ... okay on input line 129.
LaTeX Font Info:    Checking defaults for TU/lmr/m/n on input line 129.
LaTeX Font Info:    ... okay on input line 129.
LaTeX Font Info:    Checking defaults for OMX/cmex/m/n on input line 129.
LaTeX Font Info:    ... okay on input line 129.
LaTeX Font Info:    Checking defaults for U/cmr/m/n on input line 129.
LaTeX Font Info:    ... okay on input line 129.
LaTeX Font Info:    Checking defaults for PD1/pdf/m/n on input line 129.
LaTeX Font Info:    ... okay on input line 129.
LaTeX Font Info:    Checking defaults for PU/pdf/m/n on input line 129.
LaTeX Font Info:    ... okay on input line 129.
LaTeX Font Info:    Overwriting math alphabet `\mathrm' in version `normal'
(Font)                  OT1/lmr/m/n --> TU/lmr/m/n on input line 129.
LaTeX Font Info:    Overwriting math alphabet `\mathit' in version `normal'
(Font)                  OT1/lmr/m/it --> TU/lmr/m/it on input line 129.
LaTeX Font Info:    Overwriting math alphabet `\mathbf' in version `normal'
(Font)                  OT1/lmr/bx/n --> TU/lmr/bx/n on input line 129.
LaTeX Font Info:    Overwriting math alphabet `\mathsf' in version `normal'
(Font)                  OT1/lmss/m/n --> TU/lmss/m/n on input line 129.
LaTeX Font Info:    Overwriting math alphabet `\mathsf' in version `bold'
(Font)                  OT1/lmss/bx/n --> TU/lmss/bx/n on input line 129.
LaTeX Font Info:    Overwriting math alphabet `\mathtt' in version `normal'
(Font)                  OT1/lmtt/m/n --> TU/lmtt/m/n on input line 129.
LaTeX Font Info:    Overwriting math alphabet `\mathtt' in version `bold'
(Font)                  OT1/lmtt/m/n --> TU/lmtt/bx/n on input line 129.

Package fontspec Info: latinmodern-math scale = 0.9999964596882403.


Package fontspec Info: latinmodern-math scale = 0.9999964596882403.


Package fontspec Info: latinmodern-math scale = 0.9999964596882403.


Package fontspec Info: Font family 'latinmodern-math.otf(0)' created for font
(fontspec)             'latinmodern-math.otf' with options
(fontspec)             [Scale=MatchLowercase,BoldItalicFont={},ItalicFont={},Sm
allCapsFont={},Script=Math,BoldFont={latinmodern-math.otf}].
(fontspec)              
(fontspec)              This font family consists of the following NFSS
(fontspec)             series/shapes:
(fontspec)              
(fontspec)             - 'normal' (m/n) with NFSS spec.:
(fontspec)             <->s*[0.9999964596882403]"[latinmodern-math.otf]/OT:scri
pt=math;language=dflt;"
(fontspec)             - 'small caps'  (m/sc) with NFSS spec.: 
(fontspec)             - 'bold' (b/n) with NFSS spec.:
(fontspec)             <->s*[0.9999964596882403]"[latinmodern-math.otf]/OT:scri
pt=math;language=dflt;"
(fontspec)             - 'bold small caps'  (b/sc) with NFSS spec.: 

LaTeX Font Info:    Font shape `TU/latinmodern-math.otf(0)/m/n' will be
(Font)              scaled to size 10.0pt on input line 129.

Package fontspec Info: latinmodern-math scale = 0.9999964596882403.


Package fontspec Info: latinmodern-math scale = 0.9999964596882403.


Package fontspec Info: latinmodern-math scale = 0.9999964596882403.


Package fontspec Info: latinmodern-math scale = 0.9999964596882403.


Package fontspec Info: latinmodern-math scale = 0.9999964596882403.


Package fontspec Info: Font family 'latinmodern-math.otf(1)' created for font
(fontspec)             'latinmodern-math.otf' with options
(fontspec)             [Scale=MatchLowercase,BoldItalicFont={},ItalicFont={},Sm
allCapsFont={},Script=Math,SizeFeatures={{Size=8.5-},{Size=6-8.5,Font=latinmode
rn-math.otf,Style=MathScript},{Size=-6,Font=latinmodern-math.otf,Style=MathScri
ptScript}},BoldFont={latinmodern-math.otf}].
(fontspec)              
(fontspec)              This font family consists of the following NFSS
(fontspec)             series/shapes:
(fontspec)              
(fontspec)             - 'normal' (m/n) with NFSS spec.:
(fontspec)             <8.5->s*[0.9999964596882403]"[latinmodern-math.otf]/OT:s
cript=math;language=dflt;"<6-8.5>s*[0.9999964596882403]"[latinmodern-math.otf]/
OT:script=math;language=dflt;+ssty=0;"<-6>s*[0.9999964596882403]"[latinmodern-m
ath.otf]/OT:script=math;language=dflt;+ssty=1;"
(fontspec)             - 'small caps'  (m/sc) with NFSS spec.: 
(fontspec)             - 'bold' (b/n) with NFSS spec.:
(fontspec)             <->s*[0.9999964596882403]"[latinmodern-math.otf]/OT:scri
pt=math;language=dflt;"
(fontspec)             - 'bold small caps'  (b/sc) with NFSS spec.: 

LaTeX Font Info:    Font shape `TU/latinmodern-math.otf(1)/m/n' will be
(Font)              scaled to size 10.0pt on input line 129.
LaTeX Font Info:    Encoding `OT1' has changed to `TU' for symbol font
(Font)              `operators' in the math version `normal' on input line 129.

LaTeX Font Info:    Overwriting symbol font `operators' in version `normal'
(Font)                  OT1/lmr/m/n --> TU/latinmodern-math.otf(1)/m/n on input
 line 129.
LaTeX Font Info:    Encoding `OT1' has changed to `TU' for symbol font
(Font)              `operators' in the math version `bold' on input line 129.
LaTeX Font Info:    Overwriting symbol font `operators' in version `bold'
(Font)                  OT1/lmr/bx/n --> TU/latinmodern-math.otf(1)/b/n on inpu
t line 129.

Package fontspec Info: latinmodern-math scale = 0.9999964596882403.


Package fontspec Info: latinmodern-math scale = 1.000096459334209.


Package fontspec Info: latinmodern-math scale = 0.9999964596882403.


Package fontspec Info: latinmodern-math scale = 1.000096459334209.


Package fontspec Info: latinmodern-math scale = 0.9999964596882403.


Package fontspec Info: latinmodern-math scale = 1.000096459334209.


Package fontspec Info: latinmodern-math scale = 0.9999964596882403.


Package fontspec Info: latinmodern-math scale = 1.000096459334209.


Package fontspec Info: latinmodern-math scale = 0.9999964596882403.


Package fontspec Info: latinmodern-math scale = 1.000096459334209.


Package fontspec Info: Font family 'latinmodern-math.otf(2)' created for font
(fontspec)             'latinmodern-math.otf' with options
(fontspec)             [Scale=MatchLowercase,BoldItalicFont={},ItalicFont={},Sm
allCapsFont={},Script=Math,SizeFeatures={{Size=8.5-},{Size=6-8.5,Font=latinmode
rn-math.otf,Style=MathScript},{Size=-6,Font=latinmodern-math.otf,Style=MathScri
ptScript}},BoldFont={latinmodern-math.otf},ScaleAgain=1.0001,FontAdjustment={\f
ontdimen
(fontspec)             8\font =6.77pt\relax \fontdimen 9\font =3.94pt\relax
(fontspec)             \fontdimen 10\font =4.44pt\relax \fontdimen 11\font
(fontspec)             =6.86pt\relax \fontdimen 12\font =3.45pt\relax
(fontspec)             \fontdimen 13\font =3.63pt\relax \fontdimen 14\font
(fontspec)             =3.63pt\relax \fontdimen 15\font =2.89pt\relax
(fontspec)             \fontdimen 16\font =2.47pt\relax \fontdimen 17\font
(fontspec)             =2.47pt\relax \fontdimen 18\font =2.5pt\relax
(fontspec)             \fontdimen 19\font =2.0pt\relax \fontdimen 22\font
(fontspec)             =2.5pt\relax \fontdimen 20\font =0pt\relax \fontdimen
(fontspec)             21\font =0pt\relax }].
(fontspec)              
(fontspec)              This font family consists of the following NFSS
(fontspec)             series/shapes:
(fontspec)              
(fontspec)             - 'normal' (m/n) with NFSS spec.:
(fontspec)             <8.5->s*[1.000096459334209]"[latinmodern-math.otf]/OT:sc
ript=math;language=dflt;"<6-8.5>s*[1.000096459334209]"[latinmodern-math.otf]/OT
:script=math;language=dflt;+ssty=0;"<-6>s*[1.000096459334209]"[latinmodern-math
.otf]/OT:script=math;language=dflt;+ssty=1;"
(fontspec)             - 'small caps'  (m/sc) with NFSS spec.: 
(fontspec)             and font adjustment code:
(fontspec)             \fontdimen 8\font =6.77pt\relax \fontdimen 9\font
(fontspec)             =3.94pt\relax \fontdimen 10\font =4.44pt\relax
(fontspec)             \fontdimen 11\font =6.86pt\relax \fontdimen 12\font
(fontspec)             =3.45pt\relax \fontdimen 13\font =3.63pt\relax
(fontspec)             \fontdimen 14\font =3.63pt\relax \fontdimen 15\font
(fontspec)             =2.89pt\relax \fontdimen 16\font =2.47pt\relax
(fontspec)             \fontdimen 17\font =2.47pt\relax \fontdimen 18\font
(fontspec)             =2.5pt\relax \fontdimen 19\font =2.0pt\relax \fontdimen
(fontspec)             22\font =2.5pt\relax \fontdimen 20\font =0pt\relax
(fontspec)             \fontdimen 21\font =0pt\relax 
(fontspec)             - 'bold' (b/n) with NFSS spec.:
(fontspec)             <->s*[1.000096459334209]"[latinmodern-math.otf]/OT:scrip
t=math;language=dflt;"
(fontspec)             - 'bold small caps'  (b/sc) with NFSS spec.: 
(fontspec)             and font adjustment code:
(fontspec)             \fontdimen 8\font =6.77pt\relax \fontdimen 9\font
(fontspec)             =3.94pt\relax \fontdimen 10\font =4.44pt\relax
(fontspec)             \fontdimen 11\font =6.86pt\relax \fontdimen 12\font
(fontspec)             =3.45pt\relax \fontdimen 13\font =3.63pt\relax
(fontspec)             \fontdimen 14\font =3.63pt\relax \fontdimen 15\font
(fontspec)             =2.89pt\relax \fontdimen 16\font =2.47pt\relax
(fontspec)             \fontdimen 17\font =2.47pt\relax \fontdimen 18\font
(fontspec)             =2.5pt\relax \fontdimen 19\font =2.0pt\relax \fontdimen
(fontspec)             22\font =2.5pt\relax \fontdimen 20\font =0pt\relax
(fontspec)             \fontdimen 21\font =0pt\relax 

LaTeX Font Info:    Encoding `OMS' has changed to `TU' for symbol font
(Font)              `symbols' in the math version `normal' on input line 129.
LaTeX Font Info:    Overwriting symbol font `symbols' in version `normal'
(Font)                  OMS/lmsy/m/n --> TU/latinmodern-math.otf(2)/m/n on inpu
t line 129.
LaTeX Font Info:    Encoding `OMS' has changed to `TU' for symbol font
(Font)              `symbols' in the math version `bold' on input line 129.
LaTeX Font Info:    Overwriting symbol font `symbols' in version `bold'
(Font)                  OMS/lmsy/b/n --> TU/latinmodern-math.otf(2)/b/n on inpu
t line 129.

Package fontspec Info: latinmodern-math scale = 0.9999964596882403.


Package fontspec Info: latinmodern-math scale = 0.9998964600422715.


Package fontspec Info: latinmodern-math scale = 0.9999964596882403.


Package fontspec Info: latinmodern-math scale = 0.9998964600422715.


Package fontspec Info: latinmodern-math scale = 0.9999964596882403.


Package fontspec Info: latinmodern-math scale = 0.9998964600422715.


Package fontspec Info: latinmodern-math scale = 0.9999964596882403.


Package fontspec Info: latinmodern-math scale = 0.9998964600422715.


Package fontspec Info: latinmodern-math scale = 0.9999964596882403.


Package fontspec Info: latinmodern-math scale = 0.9998964600422715.


Package fontspec Info: Font family 'latinmodern-math.otf(3)' created for font
(fontspec)             'latinmodern-math.otf' with options
(fontspec)             [Scale=MatchLowercase,BoldItalicFont={},ItalicFont={},Sm
allCapsFont={},Script=Math,SizeFeatures={{Size=8.5-},{Size=6-8.5,Font=latinmode
rn-math.otf,Style=MathScript},{Size=-6,Font=latinmodern-math.otf,Style=MathScri
ptScript}},BoldFont={latinmodern-math.otf},ScaleAgain=0.9999,FontAdjustment={\f
ontdimen
(fontspec)             8\font =0.4pt\relax \fontdimen 9\font =2.0pt\relax
(fontspec)             \fontdimen 10\font =1.67pt\relax \fontdimen 11\font
(fontspec)             =1.11pt\relax \fontdimen 12\font =6.0pt\relax
(fontspec)             \fontdimen 13\font =0pt\relax }].
(fontspec)              
(fontspec)              This font family consists of the following NFSS
(fontspec)             series/shapes:
(fontspec)              
(fontspec)             - 'normal' (m/n) with NFSS spec.:
(fontspec)             <8.5->s*[0.9998964600422715]"[latinmodern-math.otf]/OT:s
cript=math;language=dflt;"<6-8.5>s*[0.9998964600422715]"[latinmodern-math.otf]/
OT:script=math;language=dflt;+ssty=0;"<-6>s*[0.9998964600422715]"[latinmodern-m
ath.otf]/OT:script=math;language=dflt;+ssty=1;"
(fontspec)             - 'small caps'  (m/sc) with NFSS spec.: 
(fontspec)             and font adjustment code:
(fontspec)             \fontdimen 8\font =0.4pt\relax \fontdimen 9\font
(fontspec)             =2.0pt\relax \fontdimen 10\font =1.67pt\relax
(fontspec)             \fontdimen 11\font =1.11pt\relax \fontdimen 12\font
(fontspec)             =6.0pt\relax \fontdimen 13\font =0pt\relax 
(fontspec)             - 'bold' (b/n) with NFSS spec.:
(fontspec)             <->s*[0.9998964600422715]"[latinmodern-math.otf]/OT:scri
pt=math;language=dflt;"
(fontspec)             - 'bold small caps'  (b/sc) with NFSS spec.: 
(fontspec)             and font adjustment code:
(fontspec)             \fontdimen 8\font =0.4pt\relax \fontdimen 9\font
(fontspec)             =2.0pt\relax \fontdimen 10\font =1.67pt\relax
(fontspec)             \fontdimen 11\font =1.11pt\relax \fontdimen 12\font
(fontspec)             =6.0pt\relax \fontdimen 13\font =0pt\relax 

LaTeX Font Info:    Encoding `OMX' has changed to `TU' for symbol font
(Font)              `largesymbols' in the math version `normal' on input line 1
29.
LaTeX Font Info:    Overwriting symbol font `largesymbols' in version `normal'
(Font)                  OMX/lmex/m/n --> TU/latinmodern-math.otf(3)/m/n on inpu
t line 129.
LaTeX Font Info:    Encoding `OMX' has changed to `TU' for symbol font
(Font)              `largesymbols' in the math version `bold' on input line 129
.
LaTeX Font Info:    Overwriting symbol font `largesymbols' in version `bold'
(Font)                  OMX/lmex/m/n --> TU/latinmodern-math.otf(3)/b/n on inpu
t line 129.
LaTeX Info: Redefining \microtypecontext on input line 129.
Package microtype Info: Character protrusion enabled (level 2).
Package microtype Info: Using protrusion set `basicmath'.
Package microtype Info: No adjustment of tracking.
Package microtype Info: No adjustment of spacing.
Package microtype Info: No adjustment of kerning.

(/usr/local/texlive/2020/texmf-dist/tex/latex/microtype/mt-LatinModernRoman.cfg
File: mt-LatinModernRoman.cfg 2013/03/13 v1.0 microtype config. file: Latin Mod
ern Roman (RS)
)
\AtBeginShipoutBox=\box57
Package hyperref Info: Link coloring OFF on input line 129.
(/usr/local/texlive/2020/texmf-dist/tex/latex/hyperref/nameref.sty
Package: nameref 2019/09/16 v2.46 Cross-referencing by name of section
(/usr/local/texlive/2020/texmf-dist/tex/latex/refcount/refcount.sty
Package: refcount 2019/12/15 v3.6 Data extraction from label references (HO)
)
(/usr/local/texlive/2020/texmf-dist/tex/generic/gettitlestring/gettitlestring.s
ty
Package: gettitlestring 2019/12/15 v1.6 Cleanup title references (HO)
)
\c@section@level=\count303
)
LaTeX Info: Redefining \ref on input line 129.
LaTeX Info: Redefining \pageref on input line 129.
LaTeX Info: Redefining \nameref on input line 129.
LaTeX Font Info:    Font shape `TU/latinmodern-math.otf(1)/m/n' will be
(Font)              scaled to size 12.0pt on input line 131.
LaTeX Font Info:    Font shape `TU/latinmodern-math.otf(1)/m/n' will be
(Font)              scaled to size 8.0pt on input line 131.
LaTeX Font Info:    Font shape `TU/latinmodern-math.otf(1)/m/n' will be
(Font)              scaled to size 6.0pt on input line 131.
LaTeX Font Info:    Trying to load font information for OML+lmm on input line 1
31.
(/usr/local/texlive/2020/texmf-dist/tex/latex/lm/omllmm.fd
File: omllmm.fd 2009/10/30 v1.6 Font defs for Latin Modern
)
LaTeX Font Info:    Font shape `TU/latinmodern-math.otf(2)/m/n' will be
(Font)              scaled to size 12.0011pt on input line 131.
LaTeX Font Info:    Font shape `TU/latinmodern-math.otf(2)/m/n' will be
(Font)              scaled to size 8.00073pt on input line 131.
LaTeX Font Info:    Font shape `TU/latinmodern-math.otf(2)/m/n' will be
(Font)              scaled to size 6.00055pt on input line 131.
LaTeX Font Info:    Font shape `TU/latinmodern-math.otf(3)/m/n' will be
(Font)              scaled to size 11.99872pt on input line 131.
LaTeX Font Info:    Font shape `TU/latinmodern-math.otf(3)/m/n' will be
(Font)              scaled to size 7.99915pt on input line 131.
LaTeX Font Info:    Font shape `TU/latinmodern-math.otf(3)/m/n' will be
(Font)              scaled to size 5.99936pt on input line 131.
LaTeX Font Info:    Trying to load font information for U+msa on input line 131
.
(/usr/local/texlive/2020/texmf-dist/tex/latex/amsfonts/umsa.fd
File: umsa.fd 2013/01/14 v3.01 AMS symbols A
) (/usr/local/texlive/2020/texmf-dist/tex/latex/microtype/mt-msa.cfg
File: mt-msa.cfg 2006/02/04 v1.1 microtype config. file: AMS symbols (a) (RS)
)
LaTeX Font Info:    Trying to load font information for U+msb on input line 131
.
(/usr/local/texlive/2020/texmf-dist/tex/latex/amsfonts/umsb.fd
File: umsb.fd 2013/01/14 v3.01 AMS symbols B
) (/usr/local/texlive/2020/texmf-dist/tex/latex/microtype/mt-msb.cfg
File: mt-msb.cfg 2005/06/01 v1.0 microtype config. file: AMS symbols (b) (RS)
) [1


] [2

] (./quantitative_genetics_GEM.toc
LaTeX Font Info:    Font shape `TU/latinmodern-math.otf(1)/m/n' will be
(Font)              scaled to size 7.0pt on input line 3.
LaTeX Font Info:    Font shape `TU/latinmodern-math.otf(1)/m/n' will be
(Font)              scaled to size 5.0pt on input line 3.
LaTeX Font Info:    Font shape `TU/latinmodern-math.otf(2)/m/n' will be
(Font)              scaled to size 10.00092pt on input line 3.
LaTeX Font Info:    Font shape `TU/latinmodern-math.otf(2)/m/n' will be
(Font)              scaled to size 7.00064pt on input line 3.
LaTeX Font Info:    Font shape `TU/latinmodern-math.otf(2)/m/n' will be
(Font)              scaled to size 5.00046pt on input line 3.
LaTeX Font Info:    Font shape `TU/latinmodern-math.otf(3)/m/n' will be
(Font)              scaled to size 9.99893pt on input line 3.
LaTeX Font Info:    Font shape `TU/latinmodern-math.otf(3)/m/n' will be
(Font)              scaled to size 6.99925pt on input line 3.
LaTeX Font Info:    Font shape `TU/latinmodern-math.otf(3)/m/n' will be
(Font)              scaled to size 4.99947pt on input line 3.
[3])
\tf@toc=\write4
\openout4 = `quantitative_genetics_GEM.toc'.

[4]
Chapter 1.
[5

] [6

]
Chapter 2.
[7] [8]
Chapter 3.
[9

] [10]
Chapter 4.
[11

] [12]
Chapter 5.
[13

]
File: /Users/wcresko/Dropbox (University of Oregon)/06.Teaching/15.Evolutionary
_Genomics_GEMs/04.Quantitative_Genetics_CRESKO/UO_Quant_Gen_Text/images/MacTerm
inal.png Graphic file (type bmp)
</Users/wcresko/Dropbox (University of Oregon)/06.Teaching/15.Evolutionary_Geno
mics_GEMs/04.Quantitative_Genetics_CRESKO/UO_Quant_Gen_Text/images/MacTerminal.
png>

Underfull \hbox (badness 1635) in paragraph at lines 302--304
[]\TU/lmr/m/n/10 At this point you should have command line access through a te
rmi-
 []

[14]
File: /Users/wcresko/Dropbox (University of Oregon)/06.Teaching/15.Evolutionary
_Genomics_GEMs/04.Quantitative_Genetics_CRESKO/UO_Quant_Gen_Text/images/Directo
ry_example.jpeg Graphic file (type bmp)
</Users/wcresko/Dropbox (University of Oregon)/06.Teaching/15.Evolutionary_Geno
mics_GEMs/04.Quantitative_Genetics_CRESKO/UO_Quant_Gen_Text/images/Directory_ex
ample.jpeg>

Overfull \hbox (161.43185pt too wide) in paragraph at lines 318--320
\TU/lmr/m/n/10 navigation from the commmand line: [] 
 []


Underfull \vbox (badness 10000) has occurred while \output is active []

[15]
File: /Users/wcresko/Dropbox (University of Oregon)/06.Teaching/15.Evolutionary
_Genomics_GEMs/04.Quantitative_Genetics_CRESKO/UO_Quant_Gen_Text/images/MacTerm
inal_2.png Graphic file (type bmp)
</Users/wcresko/Dropbox (University of Oregon)/06.Teaching/15.Evolutionary_Geno
mics_GEMs/04.Quantitative_Genetics_CRESKO/UO_Quant_Gen_Text/images/MacTerminal_
2.png>

Overfull \hbox (188.67497pt too wide) in paragraph at lines 321--323
\TU/lmr/m/n/10 my terminal and see if you can follow along: [] 
 []

[16] [17]
Underfull \hbox (badness 5260) in paragraph at lines 368--369
\TU/lmtt/m/n/10 sed []s/^embryo_/^larva_/g[] zfish_data.tsv \TU/lmr/m/n/10 woul
d perform a global
 []

[18] [19] [20] [21] [22

]
Chapter 6.
LaTeX Font Info:    Font shape `TU/lmtt/bx/n' in size <14.4> not available
(Font)              Font shape `TU/lmtt/b/n' tried instead on input line 453.
File: /Users/wcresko/Dropbox (University of Oregon)/06.Teaching/15.Evolutionary
_Genomics_GEMs/04.Quantitative_Genetics_CRESKO/UO_Quant_Gen_Text/images/R_defin
itions_Logan.001.jpeg Graphic file (type bmp)
</Users/wcresko/Dropbox (University of Oregon)/06.Teaching/15.Evolutionary_Geno
mics_GEMs/04.Quantitative_Genetics_CRESKO/UO_Quant_Gen_Text/images/R_definition
s_Logan.001.jpeg>

Underfull \vbox (badness 3623) has occurred while \output is active []

[23] [24]
File: /Users/wcresko/Dropbox (University of Oregon)/06.Teaching/15.Evolutionary
_Genomics_GEMs/04.Quantitative_Genetics_CRESKO/UO_Quant_Gen_Text/images/R_defin
itions_Logan.002.jpeg Graphic file (type bmp)
</Users/wcresko/Dropbox (University of Oregon)/06.Teaching/15.Evolutionary_Geno
mics_GEMs/04.Quantitative_Genetics_CRESKO/UO_Quant_Gen_Text/images/R_definition
s_Logan.002.jpeg>
File: /Users/wcresko/Dropbox (University of Oregon)/06.Teaching/15.Evolutionary
_Genomics_GEMs/04.Quantitative_Genetics_CRESKO/UO_Quant_Gen_Text/images/MacTerm
inal_3.png Graphic file (type bmp)
</Users/wcresko/Dropbox (University of Oregon)/06.Teaching/15.Evolutionary_Geno
mics_GEMs/04.Quantitative_Genetics_CRESKO/UO_Quant_Gen_Text/images/MacTerminal_
3.png>

Overfull \hbox (64.53497pt too wide) in paragraph at lines 503--505
\TU/lmr/m/n/10 looks like this: [] 
 []


Underfull \vbox (badness 10000) has occurred while \output is active []

[25]
File: /Users/wcresko/Dropbox (University of Oregon)/06.Teaching/15.Evolutionary
_Genomics_GEMs/04.Quantitative_Genetics_CRESKO/UO_Quant_Gen_Text/images/R_defin
itions_Logan.003.jpeg Graphic file (type bmp)
</Users/wcresko/Dropbox (University of Oregon)/06.Teaching/15.Evolutionary_Geno
mics_GEMs/04.Quantitative_Genetics_CRESKO/UO_Quant_Gen_Text/images/R_definition
s_Logan.003.jpeg>

Overfull \hbox (70.36385pt too wide) in paragraph at lines 510--512
\TU/lmr/m/n/10 bels, of course): [] 
 []


Underfull \vbox (badness 10000) has occurred while \output is active []

[26] [27]
LaTeX Font Info:    Font shape `TU/lmtt/bx/n' in size <10> not available
(Font)              Font shape `TU/lmtt/b/n' tried instead on input line 557.
[28] [29] [30] [31]
Overfull \hbox (90.75pt too wide) in paragraph at lines 857--857
[]\TU/lmtt/m/n/10 ##   [1]  0.0  0.1  0.2  0.3  0.4  0.5  0.6  0.7  0.8  0.9  1
.0  1.1  1.2  1.3  1.4[] 
 []


Overfull \hbox (90.75pt too wide) in paragraph at lines 857--857
[]\TU/lmtt/m/n/10 ##  [16]  1.5  1.6  1.7  1.8  1.9  2.0  2.1  2.2  2.3  2.4  2
.5  2.6  2.7  2.8  2.9[] 
 []


Overfull \hbox (90.75pt too wide) in paragraph at lines 857--857
[]\TU/lmtt/m/n/10 ##  [31]  3.0  3.1  3.2  3.3  3.4  3.5  3.6  3.7  3.8  3.9  4
.0  4.1  4.2  4.3  4.4[] 
 []


Overfull \hbox (90.75pt too wide) in paragraph at lines 857--857
[]\TU/lmtt/m/n/10 ##  [46]  4.5  4.6  4.7  4.8  4.9  5.0  5.1  5.2  5.3  5.4  5
.5  5.6  5.7  5.8  5.9[] 
 []


Overfull \hbox (90.75pt too wide) in paragraph at lines 857--857
[]\TU/lmtt/m/n/10 ##  [61]  6.0  6.1  6.2  6.3  6.4  6.5  6.6  6.7  6.8  6.9  7
.0  7.1  7.2  7.3  7.4[] 
 []


Overfull \hbox (90.75pt too wide) in paragraph at lines 857--857
[]\TU/lmtt/m/n/10 ##  [76]  7.5  7.6  7.7  7.8  7.9  8.0  8.1  8.2  8.3  8.4  8
.5  8.6  8.7  8.8  8.9[] 
 []


Overfull \hbox (90.75pt too wide) in paragraph at lines 874--874
[]\TU/lmtt/m/n/10 ##   [1] 10.0  9.9  9.8  9.7  9.6  9.5  9.4  9.3  9.2  9.1  9
.0  8.9  8.8  8.7  8.6[] 
 []


Overfull \hbox (90.75pt too wide) in paragraph at lines 874--874
[]\TU/lmtt/m/n/10 ##  [16]  8.5  8.4  8.3  8.2  8.1  8.0  7.9  7.8  7.7  7.6  7
.5  7.4  7.3  7.2  7.1[] 
 []


Overfull \hbox (90.75pt too wide) in paragraph at lines 874--874
[]\TU/lmtt/m/n/10 ##  [31]  7.0  6.9  6.8  6.7  6.6  6.5  6.4  6.3  6.2  6.1  6
.0  5.9  5.8  5.7  5.6[] 
 []


Overfull \hbox (90.75pt too wide) in paragraph at lines 874--874
[]\TU/lmtt/m/n/10 ##  [46]  5.5  5.4  5.3  5.2  5.1  5.0  4.9  4.8  4.7  4.6  4
.5  4.4  4.3  4.2  4.1[] 
 []


Overfull \hbox (90.75pt too wide) in paragraph at lines 874--874
[]\TU/lmtt/m/n/10 ##  [61]  4.0  3.9  3.8  3.7  3.6  3.5  3.4  3.3  3.2  3.1  3
.0  2.9  2.8  2.7  2.6[] 
 []


Overfull \hbox (90.75pt too wide) in paragraph at lines 874--874
[]\TU/lmtt/m/n/10 ##  [76]  2.5  2.4  2.3  2.2  2.1  2.0  1.9  1.8  1.7  1.6  1
.5  1.4  1.3  1.2  1.1[] 
 []


Overfull \hbox (64.5pt too wide) in paragraph at lines 895--895
[]\TU/lmtt/m/n/10 ##   [1] 100.00  98.01  96.04  94.09  92.16  90.25  88.36  86
.49  84.64  82.81[] 
 []


Overfull \hbox (64.5pt too wide) in paragraph at lines 895--895
[]\TU/lmtt/m/n/10 ##  [11]  81.00  79.21  77.44  75.69  73.96  72.25  70.56  68
.89  67.24  65.61[] 
 []


Overfull \hbox (64.5pt too wide) in paragraph at lines 895--895
[]\TU/lmtt/m/n/10 ##  [21]  64.00  62.41  60.84  59.29  57.76  56.25  54.76  53
.29  51.84  50.41[] 
 []


Overfull \hbox (64.5pt too wide) in paragraph at lines 895--895
[]\TU/lmtt/m/n/10 ##  [31]  49.00  47.61  46.24  44.89  43.56  42.25  40.96  39
.69  38.44  37.21[] 
 []


Overfull \hbox (64.5pt too wide) in paragraph at lines 895--895
[]\TU/lmtt/m/n/10 ##  [41]  36.00  34.81  33.64  32.49  31.36  30.25  29.16  28
.09  27.04  26.01[] 
 []


Overfull \hbox (64.5pt too wide) in paragraph at lines 895--895
[]\TU/lmtt/m/n/10 ##  [51]  25.00  24.01  23.04  22.09  21.16  20.25  19.36  18
.49  17.64  16.81[] 
 []


Overfull \hbox (64.5pt too wide) in paragraph at lines 895--895
[]\TU/lmtt/m/n/10 ##  [61]  16.00  15.21  14.44  13.69  12.96  12.25  11.56  10
.89  10.24   9.61[] 
 []


Overfull \hbox (64.5pt too wide) in paragraph at lines 895--895
[]\TU/lmtt/m/n/10 ##  [71]   9.00   8.41   7.84   7.29   6.76   6.25   5.76   5
.29   4.84   4.41[] 
 []


Overfull \hbox (64.5pt too wide) in paragraph at lines 895--895
[]\TU/lmtt/m/n/10 ##  [81]   4.00   3.61   3.24   2.89   2.56   2.25   1.96   1
.69   1.44   1.21[] 
 []


Overfull \hbox (64.5pt too wide) in paragraph at lines 895--895
[]\TU/lmtt/m/n/10 ##  [91]   1.00   0.81   0.64   0.49   0.36   0.25   0.16   0
.09   0.04   0.01[] 
 []


Overfull \hbox (64.5pt too wide) in paragraph at lines 916--916
[]\TU/lmtt/m/n/10 ##   [1] 100.00  98.01  96.04  94.09  92.16  90.25  88.36  86
.49  84.64  82.81[] 
 []


Overfull \hbox (64.5pt too wide) in paragraph at lines 916--916
[]\TU/lmtt/m/n/10 ##  [11]  81.00  79.21  77.44  75.69  73.96  72.25  70.56  68
.89  67.24  65.61[] 
 []


Overfull \hbox (64.5pt too wide) in paragraph at lines 916--916
[]\TU/lmtt/m/n/10 ##  [21]  64.00  62.41  60.84  59.29  57.76  56.25  54.76  53
.29  51.84  50.41[] 
 []


Overfull \hbox (64.5pt too wide) in paragraph at lines 916--916
[]\TU/lmtt/m/n/10 ##  [31]  49.00  47.61  46.24  44.89  43.56  42.25  40.96  39
.69  38.44  37.21[] 
 []


Overfull \hbox (64.5pt too wide) in paragraph at lines 916--916
[]\TU/lmtt/m/n/10 ##  [41]  36.00  34.81  33.64  32.49  31.36  30.25  29.16  28
.09  27.04  26.01[] 
 []


Overfull \hbox (64.5pt too wide) in paragraph at lines 916--916
[]\TU/lmtt/m/n/10 ##  [51]  25.00  24.01  23.04  22.09  21.16  20.25  19.36  18
.49  17.64  16.81[] 
 []


Overfull \hbox (64.5pt too wide) in paragraph at lines 916--916
[]\TU/lmtt/m/n/10 ##  [61]  16.00  15.21  14.44  13.69  12.96  12.25  11.56  10
.89  10.24   9.61[] 
 []


Overfull \hbox (64.5pt too wide) in paragraph at lines 916--916
[]\TU/lmtt/m/n/10 ##  [71]   9.00   8.41   7.84   7.29   6.76   6.25   5.76   5
.29   4.84   4.41[] 
 []

[32]
Overfull \hbox (64.5pt too wide) in paragraph at lines 916--916
[]\TU/lmtt/m/n/10 ##  [81]   4.00   3.61   3.24   2.89   2.56   2.25   1.96   1
.69   1.44   1.21[] 
 []


Overfull \hbox (64.5pt too wide) in paragraph at lines 916--916
[]\TU/lmtt/m/n/10 ##  [91]   1.00   0.81   0.64   0.49   0.36   0.25   0.16   0
.09   0.04   0.01[] 
 []

File: quantitative_genetics_GEM_files/figure-latex/Samples from distributions 1
-1.pdf Graphic file (type pdf)
<use quantitative_genetics_GEM_files/figure-latex/Samples from distributions 1-
1.pdf>

Overfull \hbox (38.25pt too wide) in paragraph at lines 973--973
[]\TU/lmtt/m/n/10 ##   [1]   75.5354194  185.5741773   78.7154849 -153.9349981 
  36.9877870[] 
 []


Overfull \hbox (38.25pt too wide) in paragraph at lines 973--973
[]\TU/lmtt/m/n/10 ##   [6]   56.4769087 -111.1191559 -149.9155521   11.4415280 
 -38.0990575[] 
 []


Overfull \hbox (38.25pt too wide) in paragraph at lines 973--973
[]\TU/lmtt/m/n/10 ##  [11] -114.8146171    2.6530163  -64.7086369  -63.3851504 
 -37.8836349[] 
 []


Overfull \hbox (38.25pt too wide) in paragraph at lines 973--973
[]\TU/lmtt/m/n/10 ##  [16]  -13.6105108  -43.8727633    7.6609178   91.1405122 
 160.0651475[] 
 []

[33]
Overfull \hbox (38.25pt too wide) in paragraph at lines 973--973
[]\TU/lmtt/m/n/10 ##  [21]  -19.2392401  157.4327240  -24.3211784   44.7222930 
  35.0777580[] 
 []


Overfull \hbox (38.25pt too wide) in paragraph at lines 973--973
[]\TU/lmtt/m/n/10 ##  [26]   28.8920129   39.7356574   58.6363703  -43.3735556 
 -50.3801670[] 
 []


Overfull \hbox (38.25pt too wide) in paragraph at lines 973--973
[]\TU/lmtt/m/n/10 ##  [31] -183.6587024 -141.9665328   12.8111461  -20.0418563 
-322.1746023[] 
 []


Overfull \hbox (38.25pt too wide) in paragraph at lines 973--973
[]\TU/lmtt/m/n/10 ##  [36]  -13.2843746  101.9377609   29.6010726   23.3802302 
-189.0357207[] 
 []


Overfull \hbox (38.25pt too wide) in paragraph at lines 973--973
[]\TU/lmtt/m/n/10 ##  [41]  -15.1424621 -115.7188542  -64.2889230   46.3910059 
 -15.0721720[] 
 []


Overfull \hbox (38.25pt too wide) in paragraph at lines 973--973
[]\TU/lmtt/m/n/10 ##  [46]  -53.8900085  166.2663522  -13.0452327  -88.9377095 
 -34.3364680[] 
 []


Overfull \hbox (38.25pt too wide) in paragraph at lines 973--973
[]\TU/lmtt/m/n/10 ##  [51]   85.9859655  -32.0928473   97.5733463   47.5264187 
-103.4957920[] 
 []


Overfull \hbox (38.25pt too wide) in paragraph at lines 973--973
[]\TU/lmtt/m/n/10 ##  [56]  179.0245652    2.4410667  118.5107276   64.0282511 
 -90.4090468[] 
 []


Overfull \hbox (38.25pt too wide) in paragraph at lines 973--973
[]\TU/lmtt/m/n/10 ##  [61]   73.1497870   -6.4889688  -28.9605058 -248.4578197 
 -25.1236179[] 
 []


Overfull \hbox (38.25pt too wide) in paragraph at lines 973--973
[]\TU/lmtt/m/n/10 ##  [66] -186.5178418   75.3051674  -87.3142045  -85.6430534 
   8.5508362[] 
 []


Overfull \hbox (38.25pt too wide) in paragraph at lines 973--973
[]\TU/lmtt/m/n/10 ##  [71] -199.8604855  -38.6340662  -52.9448689   32.4340777 
 -36.6328272[] 
 []


Overfull \hbox (38.25pt too wide) in paragraph at lines 973--973
[]\TU/lmtt/m/n/10 ##  [76]  157.2099609  -40.8269985  205.0691354  -83.4304126 
-111.3030689[] 
 []


Overfull \hbox (38.25pt too wide) in paragraph at lines 973--973
[]\TU/lmtt/m/n/10 ##  [81]  -32.8130418   25.1130631   -0.1741536  106.9347181 
  84.4169170[] 
 []


Overfull \hbox (38.25pt too wide) in paragraph at lines 973--973
[]\TU/lmtt/m/n/10 ##  [86]   -7.2497444 -197.3082183  -37.2083648 -122.4013422 
 -17.0804557[] 
 []


Overfull \hbox (38.25pt too wide) in paragraph at lines 973--973
[]\TU/lmtt/m/n/10 ##  [91]  -58.0964281   44.7510743  -10.7615972 -145.2992387 
 168.8946873[] 
 []


Overfull \hbox (38.25pt too wide) in paragraph at lines 973--973
[]\TU/lmtt/m/n/10 ##  [96]   28.7746809 -197.0812795  149.6892813   64.3535333 
  53.9378558[] 
 []

File: quantitative_genetics_GEM_files/figure-latex/Samples from distributions 2
-1.pdf Graphic file (type pdf)
<use quantitative_genetics_GEM_files/figure-latex/Samples from distributions 2-
1.pdf>
File: quantitative_genetics_GEM_files/figure-latex/Samples from distributions 2
-2.pdf Graphic file (type pdf)
<use quantitative_genetics_GEM_files/figure-latex/Samples from distributions 2-
2.pdf>

Underfull \vbox (badness 10000) has occurred while \output is active []

[34] [35] [36]
Chapter 7.
[37

]
Overfull \hbox (134.99452pt too wide) has occurred while \output is active
\TU/lmr/m/n/10 38 \TU/lmr/m/sl/10 CHAPTER 7.  MORE R FUNCTIONS, COMPLEX OBJECTS
, BASIC PLOTTING, AND RMARKDOWN
 []

[38]
LaTeX Font Info:    Font shape `TU/lmtt/bx/n' in size <12> not available
(Font)              Font shape `TU/lmtt/b/n' tried instead on input line 1123.
[39]

LaTeX Font Warning: Font shape `TU/lmtt/bx/it' in size <10> not available
(Font)              Font shape `TU/lmtt/b/sl' tried instead on input line 1206.



Overfull \hbox (134.99452pt too wide) has occurred while \output is active
\TU/lmr/m/n/10 40 \TU/lmr/m/sl/10 CHAPTER 7.  MORE R FUNCTIONS, COMPLEX OBJECTS
, BASIC PLOTTING, AND RMARKDOWN
 []

[40] [41]
Overfull \hbox (134.99452pt too wide) has occurred while \output is active
\TU/lmr/m/n/10 42 \TU/lmr/m/sl/10 CHAPTER 7.  MORE R FUNCTIONS, COMPLEX OBJECTS
, BASIC PLOTTING, AND RMARKDOWN
 []

[42]
Overfull \hbox (27.75pt too wide) in paragraph at lines 1404--1404
[]\TU/lmtt/m/n/10 ##                    mpg cyl disp  hp drat    wt  qsec vs am
 gear carb[] 
 []


Overfull \hbox (27.75pt too wide) in paragraph at lines 1404--1404
[]\TU/lmtt/m/n/10 ## Mazda RX4         21.0   6  160 110 3.90 2.620 16.46  0  1
    4    4[] 
 []


Overfull \hbox (27.75pt too wide) in paragraph at lines 1404--1404
[]\TU/lmtt/m/n/10 ## Mazda RX4 Wag     21.0   6  160 110 3.90 2.875 17.02  0  1
    4    4[] 
 []


Overfull \hbox (27.75pt too wide) in paragraph at lines 1404--1404
[]\TU/lmtt/m/n/10 ## Datsun 710        22.8   4  108  93 3.85 2.320 18.61  1  1
    4    1[] 
 []


Overfull \hbox (27.75pt too wide) in paragraph at lines 1404--1404
[]\TU/lmtt/m/n/10 ## Hornet 4 Drive    21.4   6  258 110 3.08 3.215 19.44  1  0
    3    1[] 
 []


Overfull \hbox (27.75pt too wide) in paragraph at lines 1404--1404
[]\TU/lmtt/m/n/10 ## Hornet Sportabout 18.7   8  360 175 3.15 3.440 17.02  0  0
    3    2[] 
 []


Overfull \hbox (27.75pt too wide) in paragraph at lines 1404--1404
[]\TU/lmtt/m/n/10 ## Valiant           18.1   6  225 105 2.76 3.460 20.22  1  0
    3    1[] 
 []

[43]
Overfull \hbox (134.99452pt too wide) has occurred while \output is active
\TU/lmr/m/n/10 44 \TU/lmr/m/sl/10 CHAPTER 7.  MORE R FUNCTIONS, COMPLEX OBJECTS
, BASIC PLOTTING, AND RMARKDOWN
 []

[44] [45]
Overfull \hbox (59.25pt too wide) in paragraph at lines 1551--1551
[]\TU/lmtt/m/n/10 ##  [1] "treatment" "treatment" "treatment" "treatment" "trea
tment" "control"[] 
 []


Overfull \hbox (69.75pt too wide) in paragraph at lines 1551--1551
[]\TU/lmtt/m/n/10 ##  [7] "control"   "control"   "treatment" "treatment" "trea
tment" "treatment"[] 
 []


Overfull \hbox (59.25pt too wide) in paragraph at lines 1551--1551
[]\TU/lmtt/m/n/10 ## [13] "control"   "control"   "control"   "control"   "cont
rol"   "control"[] 
 []


Overfull \hbox (54.0pt too wide) in paragraph at lines 1564--1564
[]\TU/lmtt/m/n/10 ##  [1] "red"  "red"  "red"  "red"  "red"  "blue" "blue" "blu
e" "red"  "red"[] 
 []


Overfull \hbox (134.99452pt too wide) has occurred while \output is active
\TU/lmr/m/n/10 46 \TU/lmr/m/sl/10 CHAPTER 7.  MORE R FUNCTIONS, COMPLEX OBJECTS
, BASIC PLOTTING, AND RMARKDOWN
 []

[46] [47]
Overfull \hbox (38.25pt too wide) in paragraph at lines 1632--1632
[]\TU/lmtt/m/n/10 ##      Group.1 Sepal.Length Sepal.Width Petal.Length Petal.W
idth Species[] 
 []


Overfull \hbox (38.25pt too wide) in paragraph at lines 1632--1632
[]\TU/lmtt/m/n/10 ## 1     setosa        5.006       3.428        1.462       0
.246      NA[] 
 []


Overfull \hbox (38.25pt too wide) in paragraph at lines 1632--1632
[]\TU/lmtt/m/n/10 ## 2 versicolor        5.936       2.770        4.260       1
.326      NA[] 
 []


Overfull \hbox (38.25pt too wide) in paragraph at lines 1632--1632
[]\TU/lmtt/m/n/10 ## 3  virginica        6.588       2.974        5.552       2
.026      NA[] 
 []


Overfull \hbox (134.99452pt too wide) has occurred while \output is active
\TU/lmr/m/n/10 48 \TU/lmr/m/sl/10 CHAPTER 7.  MORE R FUNCTIONS, COMPLEX OBJECTS
, BASIC PLOTTING, AND RMARKDOWN
 []

[48] [49]
Overfull \hbox (134.99452pt too wide) has occurred while \output is active
\TU/lmr/m/n/10 50 \TU/lmr/m/sl/10 CHAPTER 7.  MORE R FUNCTIONS, COMPLEX OBJECTS
, BASIC PLOTTING, AND RMARKDOWN
 []

[50]
File: quantitative_genetics_GEM_files/figure-latex/unnamed-chunk-39-1.pdf Graph
ic file (type pdf)
<use quantitative_genetics_GEM_files/figure-latex/unnamed-chunk-39-1.pdf>
File: quantitative_genetics_GEM_files/figure-latex/unnamed-chunk-40-1.pdf Graph
ic file (type pdf)
<use quantitative_genetics_GEM_files/figure-latex/unnamed-chunk-40-1.pdf>

Underfull \vbox (badness 10000) has occurred while \output is active []

[51]
File: quantitative_genetics_GEM_files/figure-latex/unnamed-chunk-41-1.pdf Graph
ic file (type pdf)
<use quantitative_genetics_GEM_files/figure-latex/unnamed-chunk-41-1.pdf>

Underfull \vbox (badness 10000) has occurred while \output is active []


Overfull \hbox (134.99452pt too wide) has occurred while \output is active
\TU/lmr/m/n/10 52 \TU/lmr/m/sl/10 CHAPTER 7.  MORE R FUNCTIONS, COMPLEX OBJECTS
, BASIC PLOTTING, AND RMARKDOWN
 []

[52]
File: quantitative_genetics_GEM_files/figure-latex/unnamed-chunk-42-1.pdf Graph
ic file (type pdf)
<use quantitative_genetics_GEM_files/figure-latex/unnamed-chunk-42-1.pdf>

Underfull \vbox (badness 10000) has occurred while \output is active []

[53]
File: quantitative_genetics_GEM_files/figure-latex/binomial function-1.pdf Grap
hic file (type pdf)
<use quantitative_genetics_GEM_files/figure-latex/binomial function-1.pdf>

Underfull \vbox (badness 10000) has occurred while \output is active []


Overfull \hbox (134.99452pt too wide) has occurred while \output is active
\TU/lmr/m/n/10 54 \TU/lmr/m/sl/10 CHAPTER 7.  MORE R FUNCTIONS, COMPLEX OBJECTS
, BASIC PLOTTING, AND RMARKDOWN
 []

[54]
File: quantitative_genetics_GEM_files/figure-latex/unnamed-chunk-43-1.pdf Graph
ic file (type pdf)
<use quantitative_genetics_GEM_files/figure-latex/unnamed-chunk-43-1.pdf>

Underfull \vbox (badness 10000) has occurred while \output is active []

[55]
File: quantitative_genetics_GEM_files/figure-latex/unnamed-chunk-43-2.pdf Graph
ic file (type pdf)
<use quantitative_genetics_GEM_files/figure-latex/unnamed-chunk-43-2.pdf>

Underfull \vbox (badness 2538) has occurred while \output is active []


Overfull \hbox (134.99452pt too wide) has occurred while \output is active
\TU/lmr/m/n/10 56 \TU/lmr/m/sl/10 CHAPTER 7.  MORE R FUNCTIONS, COMPLEX OBJECTS
, BASIC PLOTTING, AND RMARKDOWN
 []

[56] [57]
Overfull \hbox (134.99452pt too wide) has occurred while \output is active
\TU/lmr/m/n/10 58 \TU/lmr/m/sl/10 CHAPTER 7.  MORE R FUNCTIONS, COMPLEX OBJECTS
, BASIC PLOTTING, AND RMARKDOWN
 []

[58

]
Chapter 8.
File: quantitative_genetics_GEM_files/figure-latex/pressure-1.pdf Graphic file 
(type pdf)
<use quantitative_genetics_GEM_files/figure-latex/pressure-1.pdf>

Underfull \vbox (badness 4001) has occurred while \output is active []

[59] [60]
Chapter 9.
[61

]
Overfull \hbox (86.39453pt too wide) has occurred while \output is active
\TU/lmr/m/n/10 62 \TU/lmr/m/sl/10 CHAPTER 9.  INTRODUCTION TO PROBABILITY AND P
ROBABILITY DISTRIBUTIONS
 []

[62] [63]
File: quantitative_genetics_GEM_files/figure-latex/unnamed-chunk-44-1.pdf Graph
ic file (type pdf)
<use quantitative_genetics_GEM_files/figure-latex/unnamed-chunk-44-1.pdf>

Overfull \hbox (86.39453pt too wide) has occurred while \output is active
\TU/lmr/m/n/10 64 \TU/lmr/m/sl/10 CHAPTER 9.  INTRODUCTION TO PROBABILITY AND P
ROBABILITY DISTRIBUTIONS
 []

[64]
Underfull \hbox (badness 10000) in paragraph at lines 1972--1973

 []

[65]
Overfull \hbox (86.39453pt too wide) has occurred while \output is active
\TU/lmr/m/n/10 66 \TU/lmr/m/sl/10 CHAPTER 9.  INTRODUCTION TO PROBABILITY AND P
ROBABILITY DISTRIBUTIONS
 []

[66]
File: images/prob.017.jpeg Graphic file (type bmp)
<images/prob.017.jpeg>

Overfull \hbox (76.64343pt too wide) has occurred while \output is active
\TU/lmr/m/sl/10 9.9.  PROBABILITY DISTRIBUTIONS COMMONLY USED IN BIOLOGICAL STA
TISTICS \TU/lmr/m/n/10 67
 []

[67]

LaTeX Font Warning: Command \large invalid in math mode on input line 2060.


Package amsmath Warning: Foreign command \atopwithdelims;
(amsmath)                \frac or \genfrac should be used instead
(amsmath)                 on input line 2060.

File: images/week_2.003.jpeg Graphic file (type bmp)
<images/week_2.003.jpeg>

Overfull \hbox (86.39453pt too wide) has occurred while \output is active
\TU/lmr/m/n/10 68 \TU/lmr/m/sl/10 CHAPTER 9.  INTRODUCTION TO PROBABILITY AND P
ROBABILITY DISTRIBUTIONS
 []

[68]
File: images/prob.018.jpeg Graphic file (type bmp)
<images/prob.018.jpeg>

Overfull \hbox (76.64343pt too wide) has occurred while \output is active
\TU/lmr/m/sl/10 9.9.  PROBABILITY DISTRIBUTIONS COMMONLY USED IN BIOLOGICAL STA
TISTICS \TU/lmr/m/n/10 69
 []

[69]
File: images/week_2.004.jpeg Graphic file (type bmp)
<images/week_2.004.jpeg>

Overfull \hbox (86.39453pt too wide) has occurred while \output is active
\TU/lmr/m/n/10 70 \TU/lmr/m/sl/10 CHAPTER 9.  INTRODUCTION TO PROBABILITY AND P
ROBABILITY DISTRIBUTIONS
 []

[70]
File: images/week_2.005.jpeg Graphic file (type bmp)
<images/week_2.005.jpeg>
File: quantitative_genetics_GEM_files/figure-latex/unnamed-chunk-50-1.pdf Graph
ic file (type pdf)
<use quantitative_genetics_GEM_files/figure-latex/unnamed-chunk-50-1.pdf>

Underfull \vbox (badness 10000) has occurred while \output is active []


Overfull \hbox (76.64343pt too wide) has occurred while \output is active
\TU/lmr/m/sl/10 9.9.  PROBABILITY DISTRIBUTIONS COMMONLY USED IN BIOLOGICAL STA
TISTICS \TU/lmr/m/n/10 71
 []

[71]
Overfull \hbox (86.39453pt too wide) has occurred while \output is active
\TU/lmr/m/n/10 72 \TU/lmr/m/sl/10 CHAPTER 9.  INTRODUCTION TO PROBABILITY AND P
ROBABILITY DISTRIBUTIONS
 []

[72]
File: images/prob.019.jpeg Graphic file (type bmp)
<images/prob.019.jpeg>

Overfull \hbox (76.64343pt too wide) has occurred while \output is active
\TU/lmr/m/sl/10 9.9.  PROBABILITY DISTRIBUTIONS COMMONLY USED IN BIOLOGICAL STA
TISTICS \TU/lmr/m/n/10 73
 []

[73]
File: images/prob.020.jpeg Graphic file (type bmp)
<images/prob.020.jpeg>

Overfull \hbox (86.39453pt too wide) has occurred while \output is active
\TU/lmr/m/n/10 74 \TU/lmr/m/sl/10 CHAPTER 9.  INTRODUCTION TO PROBABILITY AND P
ROBABILITY DISTRIBUTIONS
 []

[74]
File: images/week_2.032.jpeg Graphic file (type bmp)
<images/week_2.032.jpeg>

LaTeX Font Warning: Command \large invalid in math mode on input line 2210.


LaTeX Font Warning: Command \large invalid in math mode on input line 2212.


LaTeX Font Warning: Command \large invalid in math mode on input line 2216.


LaTeX Font Warning: Command \Large invalid in math mode on input line 2223.


LaTeX Font Warning: Command \Large invalid in math mode on input line 2227.

File: images/week_2.010.jpeg Graphic file (type bmp)
<images/week_2.010.jpeg>

Underfull \vbox (badness 1354) has occurred while \output is active []


Overfull \hbox (76.64343pt too wide) has occurred while \output is active
\TU/lmr/m/sl/10 9.9.  PROBABILITY DISTRIBUTIONS COMMONLY USED IN BIOLOGICAL STA
TISTICS \TU/lmr/m/n/10 75
 []

[75]
File: images/week_2.013.jpeg Graphic file (type bmp)
<images/week_2.013.jpeg>
File: images/week_2.015.jpeg Graphic file (type bmp)
<images/week_2.015.jpeg>

Underfull \vbox (badness 10000) has occurred while \output is active []


Overfull \hbox (86.39453pt too wide) has occurred while \output is active
\TU/lmr/m/n/10 76 \TU/lmr/m/sl/10 CHAPTER 9.  INTRODUCTION TO PROBABILITY AND P
ROBABILITY DISTRIBUTIONS
 []

[76]
File: images/week_2.014.jpeg Graphic file (type bmp)
<images/week_2.014.jpeg>
File: images/week_2.016.jpeg Graphic file (type bmp)
<images/week_2.016.jpeg>

Underfull \vbox (badness 10000) has occurred while \output is active []


Overfull \hbox (76.64343pt too wide) has occurred while \output is active
\TU/lmr/m/sl/10 9.9.  PROBABILITY DISTRIBUTIONS COMMONLY USED IN BIOLOGICAL STA
TISTICS \TU/lmr/m/n/10 77
 []

[77]
File: images/week_2.017.jpeg Graphic file (type bmp)
<images/week_2.017.jpeg>
File: images/week_2.018.jpeg Graphic file (type bmp)
<images/week_2.018.jpeg>

Underfull \vbox (badness 10000) has occurred while \output is active []


Overfull \hbox (86.39453pt too wide) has occurred while \output is active
\TU/lmr/m/n/10 78 \TU/lmr/m/sl/10 CHAPTER 9.  INTRODUCTION TO PROBABILITY AND P
ROBABILITY DISTRIBUTIONS
 []

[78]

LaTeX Font Warning: Command \huge invalid in math mode on input line 2267.


Underfull \vbox (badness 1584) has occurred while \output is active []


Overfull \hbox (76.64343pt too wide) has occurred while \output is active
\TU/lmr/m/sl/10 9.9.  PROBABILITY DISTRIBUTIONS COMMONLY USED IN BIOLOGICAL STA
TISTICS \TU/lmr/m/n/10 79
 []

[79]
No file quantitative_genetics_GEM.bbl.
Package atveryend Info: Empty hook `BeforeClearDocument' on input line 2290.

Overfull \hbox (86.39453pt too wide) has occurred while \output is active
\TU/lmr/m/n/10 80 \TU/lmr/m/sl/10 CHAPTER 9.  INTRODUCTION TO PROBABILITY AND P
ROBABILITY DISTRIBUTIONS
 []

[80]
Package atveryend Info: Empty hook `AfterLastShipout' on input line 2290.
(./quantitative_genetics_GEM.aux)
Package atveryend Info: Empty hook `AtVeryEndDocument' on input line 2290.
Package atveryend Info: Empty hook `AtEndAfterFileList' on input line 2290.
 ) 
Here is how much of TeX's memory you used:
 19676 strings out of 479418
 358627 string characters out of 5884586
 790828 words of memory out of 5000000
 36833 multiletter control sequences out of 15000+600000
 538861 words of font info for 86 fonts, out of 8000000 for 9000
 1348 hyphenation exceptions out of 8191
 58i,6n,118p,2151b,469s stack positions out of 5000i,500n,10000p,200000b,80000s

Output written on quantitative_genetics_GEM.pdf (80 pages).
